mode: atomic
github.com/cexpepe/go-monblob/blob.go:15.47,18.37 3 10
github.com/cexpepe/go-monblob/blob.go:18.37,20.3 1 6
github.com/cexpepe/go-monblob/blob.go:21.2,21.14 1 4
github.com/cexpepe/go-monblob/blob.go:21.14,23.3 1 0
github.com/cexpepe/go-monblob/blob.go:24.2,24.16 1 4
github.com/cexpepe/go-monblob/blob.go:29.57,31.16 2 0
github.com/cexpepe/go-monblob/blob.go:31.16,33.3 1 0
github.com/cexpepe/go-monblob/blob.go:34.2,34.20 1 0
github.com/cexpepe/go-monblob/blob.go:39.49,41.37 2 3
github.com/cexpepe/go-monblob/blob.go:41.37,43.3 1 0
github.com/cexpepe/go-monblob/blob.go:44.2,44.23 1 3
github.com/cexpepe/go-monblob/blob.go:49.60,51.16 2 0
github.com/cexpepe/go-monblob/blob.go:51.16,53.3 1 0
github.com/cexpepe/go-monblob/blob.go:54.2,55.12 2 0
github.com/cexpepe/go-monblob/blob.go:61.59,64.41 3 5
github.com/cexpepe/go-monblob/blob.go:64.41,66.3 1 1
github.com/cexpepe/go-monblob/blob.go:67.2,67.20 1 4
github.com/cexpepe/go-monblob/blob.go:72.65,74.41 2 6
github.com/cexpepe/go-monblob/blob.go:74.41,76.3 1 0
github.com/cexpepe/go-monblob/blob.go:77.2,77.23 1 6
github.com/cexpepe/go-monblob/codec.go:36.37,38.2 1 15
github.com/cexpepe/go-monblob/codec.go:40.44,41.27 1 13
github.com/cexpepe/go-monblob/codec.go:41.27,43.3 1 3
github.com/cexpepe/go-monblob/codec.go:44.2,46.12 3 10
github.com/cexpepe/go-monblob/codec.go:49.46,50.27 1 0
github.com/cexpepe/go-monblob/codec.go:50.27,52.3 1 0
github.com/cexpepe/go-monblob/codec.go:53.2,55.12 3 0
github.com/cexpepe/go-monblob/codec.go:58.46,59.27 1 3
github.com/cexpepe/go-monblob/codec.go:59.27,61.3 1 0
github.com/cexpepe/go-monblob/codec.go:62.2,64.12 3 3
github.com/cexpepe/go-monblob/codec.go:67.46,68.27 1 0
github.com/cexpepe/go-monblob/codec.go:68.27,70.3 1 0
github.com/cexpepe/go-monblob/codec.go:71.2,73.12 3 0
github.com/cexpepe/go-monblob/codec.go:76.51,77.34 1 6
github.com/cexpepe/go-monblob/codec.go:77.34,79.3 1 0
github.com/cexpepe/go-monblob/codec.go:80.2,82.12 3 6
github.com/cexpepe/go-monblob/codec.go:85.46,87.16 2 110
github.com/cexpepe/go-monblob/codec.go:87.16,89.3 1 3
github.com/cexpepe/go-monblob/codec.go:90.2,92.12 3 107
github.com/cexpepe/go-monblob/codec.go:95.53,97.45 2 3
github.com/cexpepe/go-monblob/codec.go:97.45,99.3 1 0
github.com/cexpepe/go-monblob/codec.go:100.2,100.27 1 3
github.com/cexpepe/go-monblob/codec.go:100.27,102.3 1 0
github.com/cexpepe/go-monblob/codec.go:103.2,104.37 2 3
github.com/cexpepe/go-monblob/codec.go:104.37,105.48 1 48
github.com/cexpepe/go-monblob/codec.go:105.48,107.4 1 0
github.com/cexpepe/go-monblob/codec.go:109.2,109.12 1 3
github.com/cexpepe/go-monblob/codec.go:112.48,114.46 2 0
github.com/cexpepe/go-monblob/codec.go:114.46,116.3 1 0
github.com/cexpepe/go-monblob/codec.go:117.2,117.30 1 0
github.com/cexpepe/go-monblob/codec.go:117.30,119.3 1 0
github.com/cexpepe/go-monblob/codec.go:120.2,120.37 1 0
github.com/cexpepe/go-monblob/codec.go:120.37,122.3 1 0
github.com/cexpepe/go-monblob/codec.go:123.2,125.12 3 0
github.com/cexpepe/go-monblob/codec.go:128.37,130.33 2 25
github.com/cexpepe/go-monblob/codec.go:130.33,132.3 1 0
github.com/cexpepe/go-monblob/codec.go:133.2,133.12 1 25
github.com/cexpepe/go-monblob/codec.go:136.29,138.2 1 4
github.com/cexpepe/go-monblob/codec.go:145.26,147.2 1 9
github.com/cexpepe/go-monblob/codec.go:149.44,152.2 2 8
github.com/cexpepe/go-monblob/codec.go:154.46,159.2 4 0
github.com/cexpepe/go-monblob/codec.go:161.46,166.2 4 4
github.com/cexpepe/go-monblob/codec.go:168.46,173.2 4 0
github.com/cexpepe/go-monblob/codec.go:175.52,178.2 2 20
github.com/cexpepe/go-monblob/codec.go:180.46,183.2 2 112
github.com/cexpepe/go-monblob/codec.go:185.53,186.54 1 4
github.com/cexpepe/go-monblob/codec.go:186.54,188.3 1 0
github.com/cexpepe/go-monblob/codec.go:189.2,189.24 1 4
github.com/cexpepe/go-monblob/codec.go:189.24,190.44 1 64
github.com/cexpepe/go-monblob/codec.go:190.44,192.4 1 0
github.com/cexpepe/go-monblob/codec.go:194.2,194.12 1 4
github.com/cexpepe/go-monblob/codec.go:197.48,198.54 1 0
github.com/cexpepe/go-monblob/codec.go:198.54,200.3 1 0
github.com/cexpepe/go-monblob/codec.go:201.2,202.12 2 0
github.com/cexpepe/go-monblob/codec.go:205.33,207.2 1 9
github.com/cexpepe/go-monblob/codec.go:211.48,212.39 1 10
github.com/cexpepe/go-monblob/codec.go:212.39,214.3 1 0
github.com/cexpepe/go-monblob/codec.go:215.2,215.15 1 10
github.com/cexpepe/go-monblob/codec.go:215.15,215.28 1 10
github.com/cexpepe/go-monblob/codec.go:217.2,217.44 1 10
github.com/cexpepe/go-monblob/codec.go:217.44,219.3 1 6
github.com/cexpepe/go-monblob/codec.go:221.2,222.39 2 4
github.com/cexpepe/go-monblob/codec.go:222.39,224.3 1 0
github.com/cexpepe/go-monblob/codec.go:225.2,227.12 3 4
github.com/cexpepe/go-monblob/codec.go:230.53,231.39 1 15
github.com/cexpepe/go-monblob/codec.go:231.39,233.3 1 0
github.com/cexpepe/go-monblob/codec.go:234.2,234.15 1 15
github.com/cexpepe/go-monblob/codec.go:234.15,234.28 1 15
github.com/cexpepe/go-monblob/codec.go:236.2,236.49 1 15
github.com/cexpepe/go-monblob/codec.go:236.49,238.3 1 1
github.com/cexpepe/go-monblob/codec.go:239.2,239.52 1 14
github.com/cexpepe/go-monblob/codec.go:239.52,241.3 1 1
github.com/cexpepe/go-monblob/codec.go:243.2,244.49 2 13
github.com/cexpepe/go-monblob/codec.go:244.49,246.3 1 1
github.com/cexpepe/go-monblob/codec.go:247.2,247.27 1 12
github.com/cexpepe/go-monblob/codec.go:247.27,249.3 1 0
github.com/cexpepe/go-monblob/codec.go:250.2,251.26 2 12
github.com/cexpepe/go-monblob/codec.go:251.26,252.47 1 7
github.com/cexpepe/go-monblob/codec.go:252.47,254.4 1 4
github.com/cexpepe/go-monblob/codec.go:257.2,258.50 2 8
github.com/cexpepe/go-monblob/codec.go:258.50,260.3 1 0
github.com/cexpepe/go-monblob/codec.go:261.2,261.29 1 8
github.com/cexpepe/go-monblob/codec.go:261.29,263.3 1 0
github.com/cexpepe/go-monblob/codec.go:265.2,266.42 2 8
github.com/cexpepe/go-monblob/codec.go:266.42,269.39 3 6
github.com/cexpepe/go-monblob/codec.go:269.39,275.4 4 3
github.com/cexpepe/go-monblob/codec.go:276.3,276.37 1 3
github.com/cexpepe/go-monblob/codec.go:280.2,283.12 3 5
github.com/cexpepe/go-monblob/codec.go:286.41,287.46 1 7
github.com/cexpepe/go-monblob/codec.go:287.46,289.3 1 3
github.com/cexpepe/go-monblob/codec.go:290.2,290.17 1 4
github.com/cexpepe/go-monblob/codec.go:291.19,293.26 2 0
github.com/cexpepe/go-monblob/codec.go:294.42,296.28 2 3
github.com/cexpepe/go-monblob/codec.go:297.10,298.28 1 1
github.com/cexpepe/go-monblob/codec.go:302.43,304.2 1 0
github.com/cexpepe/go-monblob/codec.go:306.45,307.48 1 3
github.com/cexpepe/go-monblob/codec.go:307.48,309.3 1 0
github.com/cexpepe/go-monblob/codec.go:310.2,310.57 1 3
github.com/cexpepe/go-monblob/codec.go:310.57,312.3 1 0
github.com/cexpepe/go-monblob/codec.go:313.2,313.40 1 3
github.com/cexpepe/go-monblob/codec.go:316.43,317.50 1 6
github.com/cexpepe/go-monblob/codec.go:317.50,319.3 1 0
github.com/cexpepe/go-monblob/codec.go:320.2,320.29 1 6
github.com/cexpepe/go-monblob/codec.go:323.47,324.45 1 6
github.com/cexpepe/go-monblob/codec.go:324.45,326.3 1 0
github.com/cexpepe/go-monblob/codec.go:327.2,327.16 1 6
github.com/cexpepe/go-monblob/codec.go:328.22,330.38 2 0
github.com/cexpepe/go-monblob/codec.go:331.34,333.57 2 3
github.com/cexpepe/go-monblob/codec.go:333.57,335.4 1 0
github.com/cexpepe/go-monblob/codec.go:336.3,336.49 1 3
github.com/cexpepe/go-monblob/codec.go:337.10,338.29 1 3
github.com/cexpepe/go-monblob/codec.go:344.48,345.44 1 3
github.com/cexpepe/go-monblob/codec.go:345.44,347.3 1 0
github.com/cexpepe/go-monblob/codec.go:348.2,348.28 1 3
github.com/cexpepe/go-monblob/codec.go:348.28,349.61 1 3
github.com/cexpepe/go-monblob/codec.go:349.61,351.4 1 0
github.com/cexpepe/go-monblob/codec.go:353.2,353.12 1 3
github.com/cexpepe/go-monblob/codec.go:356.53,357.49 1 9
github.com/cexpepe/go-monblob/codec.go:357.49,359.3 1 0
github.com/cexpepe/go-monblob/codec.go:360.2,360.52 1 9
github.com/cexpepe/go-monblob/codec.go:360.52,362.3 1 0
github.com/cexpepe/go-monblob/codec.go:364.2,364.61 1 9
github.com/cexpepe/go-monblob/codec.go:364.61,366.3 1 0
github.com/cexpepe/go-monblob/codec.go:367.2,367.30 1 9
github.com/cexpepe/go-monblob/codec.go:367.30,368.38 1 4
github.com/cexpepe/go-monblob/codec.go:368.38,370.4 1 0
github.com/cexpepe/go-monblob/codec.go:373.2,373.62 1 9
github.com/cexpepe/go-monblob/codec.go:373.62,375.3 1 0
github.com/cexpepe/go-monblob/codec.go:376.2,376.32 1 9
github.com/cexpepe/go-monblob/codec.go:376.32,377.39 1 4
github.com/cexpepe/go-monblob/codec.go:377.39,379.4 1 0
github.com/cexpepe/go-monblob/codec.go:382.2,382.51 1 9
github.com/cexpepe/go-monblob/codec.go:382.51,384.3 1 0
github.com/cexpepe/go-monblob/codec.go:385.2,385.12 1 9
github.com/cexpepe/go-monblob/codec.go:388.41,389.46 1 4
github.com/cexpepe/go-monblob/codec.go:389.46,391.3 1 0
github.com/cexpepe/go-monblob/codec.go:392.2,392.17 1 4
github.com/cexpepe/go-monblob/codec.go:393.19,394.26 1 0
github.com/cexpepe/go-monblob/codec.go:395.42,396.28 1 4
github.com/cexpepe/go-monblob/codec.go:397.10,398.28 1 0
github.com/cexpepe/go-monblob/codec.go:402.43,404.2 1 0
github.com/cexpepe/go-monblob/codec.go:406.45,407.48 1 4
github.com/cexpepe/go-monblob/codec.go:407.48,409.3 1 0
github.com/cexpepe/go-monblob/codec.go:410.2,410.57 1 4
github.com/cexpepe/go-monblob/codec.go:410.57,412.3 1 0
github.com/cexpepe/go-monblob/codec.go:413.2,413.41 1 4
github.com/cexpepe/go-monblob/codec.go:416.43,417.50 1 4
github.com/cexpepe/go-monblob/codec.go:417.50,419.3 1 0
github.com/cexpepe/go-monblob/codec.go:420.2,420.29 1 4
github.com/cexpepe/go-monblob/codec.go:423.47,424.45 1 4
github.com/cexpepe/go-monblob/codec.go:424.45,426.3 1 0
github.com/cexpepe/go-monblob/codec.go:427.2,427.16 1 4
github.com/cexpepe/go-monblob/codec.go:428.22,429.39 1 0
github.com/cexpepe/go-monblob/codec.go:430.34,431.57 1 4
github.com/cexpepe/go-monblob/codec.go:431.57,433.4 1 0
github.com/cexpepe/go-monblob/codec.go:434.3,434.50 1 4
github.com/cexpepe/go-monblob/codec.go:435.10,436.29 1 0
github.com/cexpepe/go-monblob/crypto.go:7.38,13.2 5 2
github.com/cexpepe/go-monblob/crypto.go:16.40,19.2 2 1
github.com/cexpepe/go-monblob/crypto.go:22.53,25.2 2 1
github.com/cexpepe/go-monblob/varint.go:15.58,16.18 1 0
github.com/cexpepe/go-monblob/varint.go:16.18,18.47 2 0
github.com/cexpepe/go-monblob/varint.go:18.47,20.4 1 0
github.com/cexpepe/go-monblob/varint.go:21.3,21.12 1 0
github.com/cexpepe/go-monblob/varint.go:23.2,24.12 2 0
github.com/cexpepe/go-monblob/varint.go:28.58,31.6 3 0
github.com/cexpepe/go-monblob/varint.go:31.6,33.41 2 0
github.com/cexpepe/go-monblob/varint.go:33.41,35.4 1 0
github.com/cexpepe/go-monblob/varint.go:36.3,36.21 1 0
github.com/cexpepe/go-monblob/varint.go:36.21,39.19 3 0
github.com/cexpepe/go-monblob/varint.go:39.19,41.5 1 0
github.com/cexpepe/go-monblob/varint.go:42.9,45.4 2 0
github.com/cexpepe/go-monblob/varint.go:50.38,52.18 2 112
github.com/cexpepe/go-monblob/varint.go:52.18,55.3 2 88
github.com/cexpepe/go-monblob/varint.go:56.2,57.12 2 112
github.com/cexpepe/go-monblob/varint.go:62.53,65.25 3 110
github.com/cexpepe/go-monblob/varint.go:65.25,66.18 1 201
github.com/cexpepe/go-monblob/varint.go:66.18,69.19 3 94
github.com/cexpepe/go-monblob/varint.go:69.19,71.5 1 0
github.com/cexpepe/go-monblob/varint.go:72.9,75.4 2 107
github.com/cexpepe/go-monblob/varint.go:77.2,77.34 1 3
